<?xml version="1.0" encoding="UTF-8"?>
<testsuite name="com.objogate.wl.swing.driver.tests.JRadioButtonDriverTest" tests="3" skipped="0" failures="0" errors="0" timestamp="2023-07-01T20:19:47" hostname="DESKTOP-KELJ5DS" time="3.509">
  <properties/>
  <testcase name="testCheckingButtonInGroupUnchecksOthers" classname="com.objogate.wl.swing.driver.tests.JRadioButtonDriverTest" time="2.107"/>
  <testcase name="assertsButtonText" classname="com.objogate.wl.swing.driver.tests.JRadioButtonDriverTest" time="0.651"/>
  <testcase name="clicksButtonWithTheMouse" classname="com.objogate.wl.swing.driver.tests.JRadioButtonDriverTest" time="0.75"/>
  <system-out><![CDATA[]]></system-out>
  <system-err><![CDATA[WARNING: could not load keyboard layout BE, using fallback layout with reduced capabilities (JAR entry com/objogate/wl/keyboard/BE not found in C:\Users\densh\code\windowlicker\core\build\libs\core.jar)
WARNING: could not load keyboard layout BE, using fallback layout with reduced capabilities (JAR entry com/objogate/wl/keyboard/BE not found in C:\Users\densh\code\windowlicker\core\build\libs\core.jar)
WARNING: could not load keyboard layout BE, using fallback layout with reduced capabilities (JAR entry com/objogate/wl/keyboard/BE not found in C:\Users\densh\code\windowlicker\core\build\libs\core.jar)
]]></system-err>
</testsuite>
