<?xml version="1.0" encoding="UTF-8"?>
<testsuite name="com.objogate.wl.swing.matcher.tests.ComponentEnabledMatcherTests" tests="2" skipped="0" failures="0" errors="0" timestamp="2023-07-01T20:21:19" hostname="DESKTOP-KELJ5DS" time="0.001">
  <properties/>
  <testcase name="hasAReadableDescription" classname="com.objogate.wl.swing.matcher.tests.ComponentEnabledMatcherTests" time="0.0"/>
  <testcase name="matchesEnabledComponents" classname="com.objogate.wl.swing.matcher.tests.ComponentEnabledMatcherTests" time="0.001"/>
  <system-out><![CDATA[]]></system-out>
  <system-err><![CDATA[]]></system-err>
</testsuite>
