<?xml version="1.0" encoding="UTF-8"?>
<testsuite name="com.objogate.wl.swing.driver.tests.JTextComponentDriverTest" tests="4" skipped="0" failures="0" errors="0" timestamp="2023-07-01T20:20:58" hostname="DESKTOP-KELJ5DS" time="5.038">
  <properties/>
  <testcase name="testCopyAndPaste" classname="com.objogate.wl.swing.driver.tests.JTextComponentDriverTest" time="2.76"/>
  <testcase name="testReplaceAllText" classname="com.objogate.wl.swing.driver.tests.JTextComponentDriverTest" time="0.763"/>
  <testcase name="testSelectAll" classname="com.objogate.wl.swing.driver.tests.JTextComponentDriverTest" time="0.64"/>
  <testcase name="testCutAndPaste" classname="com.objogate.wl.swing.driver.tests.JTextComponentDriverTest" time="0.872"/>
  <system-out><![CDATA[]]></system-out>
  <system-err><![CDATA[WARNING: could not load keyboard layout BE, using fallback layout with reduced capabilities (JAR entry com/objogate/wl/keyboard/BE not found in C:\Users\densh\code\windowlicker\core\build\libs\core.jar)
WARNING: could not load keyboard layout BE, using fallback layout with reduced capabilities (JAR entry com/objogate/wl/keyboard/BE not found in C:\Users\densh\code\windowlicker\core\build\libs\core.jar)
WARNING: could not load keyboard layout BE, using fallback layout with reduced capabilities (JAR entry com/objogate/wl/keyboard/BE not found in C:\Users\densh\code\windowlicker\core\build\libs\core.jar)
WARNING: could not load keyboard layout BE, using fallback layout with reduced capabilities (JAR entry com/objogate/wl/keyboard/BE not found in C:\Users\densh\code\windowlicker\core\build\libs\core.jar)
]]></system-err>
</testsuite>
