<?xml version="1.0" encoding="UTF-8"?>
<testsuite name="com.objogate.wl.swing.driver.tests.JListDriverTest" tests="3" skipped="0" failures="0" errors="0" timestamp="2023-07-01T20:18:43" hostname="DESKTOP-KELJ5DS" time="3.682">
  <properties/>
  <testcase name="testSelectingItemsByIndex" classname="com.objogate.wl.swing.driver.tests.JListDriverTest" time="1.816"/>
  <testcase name="testHasItem" classname="com.objogate.wl.swing.driver.tests.JListDriverTest" time="0.543"/>
  <testcase name="testSelectingItemByRenderedValue" classname="com.objogate.wl.swing.driver.tests.JListDriverTest" time="1.32"/>
  <system-out><![CDATA[]]></system-out>
  <system-err><![CDATA[WARNING: could not load keyboard layout BE, using fallback layout with reduced capabilities (JAR entry com/objogate/wl/keyboard/BE not found in C:\Users\densh\code\windowlicker\core\build\libs\core.jar)
WARNING: could not load keyboard layout BE, using fallback layout with reduced capabilities (JAR entry com/objogate/wl/keyboard/BE not found in C:\Users\densh\code\windowlicker\core\build\libs\core.jar)
WARNING: could not load keyboard layout BE, using fallback layout with reduced capabilities (JAR entry com/objogate/wl/keyboard/BE not found in C:\Users\densh\code\windowlicker\core\build\libs\core.jar)
]]></system-err>
</testsuite>
