<?xml version="1.0" encoding="UTF-8"?>
<testsuite name="com.objogate.wl.swing.driver.tests.JLabelDriverTest" tests="3" skipped="0" failures="0" errors="0" timestamp="2023-07-01T20:18:41" hostname="DESKTOP-KELJ5DS" time="1.838">
  <properties/>
  <testcase name="assertThatHasBackgroundColorFailsIfLabelIsNotOpaque" classname="com.objogate.wl.swing.driver.tests.JLabelDriverTest" time="0.653"/>
  <testcase name="assertsLabelText" classname="com.objogate.wl.swing.driver.tests.JLabelDriverTest" time="0.651"/>
  <testcase name="assertLabelColor" classname="com.objogate.wl.swing.driver.tests.JLabelDriverTest" time="0.532"/>
  <system-out><![CDATA[]]></system-out>
  <system-err><![CDATA[WARNING: could not load keyboard layout BE, using fallback layout with reduced capabilities (JAR entry com/objogate/wl/keyboard/BE not found in C:\Users\densh\code\windowlicker\core\build\libs\core.jar)
WARNING: could not load keyboard layout BE, using fallback layout with reduced capabilities (JAR entry com/objogate/wl/keyboard/BE not found in C:\Users\densh\code\windowlicker\core\build\libs\core.jar)
WARNING: could not load keyboard layout BE, using fallback layout with reduced capabilities (JAR entry com/objogate/wl/keyboard/BE not found in C:\Users\densh\code\windowlicker\core\build\libs\core.jar)
]]></system-err>
</testsuite>
