<?xml version="1.0" encoding="UTF-8"?>
<testsuite name="com.objogate.wl.swing.driver.tests.JFrameDriverTest" tests="2" skipped="0" failures="0" errors="0" timestamp="2023-07-01T20:18:40" hostname="DESKTOP-KELJ5DS" time="1.086">
  <properties/>
  <testcase name="assertsTitleText" classname="com.objogate.wl.swing.driver.tests.JFrameDriverTest" time="0.537"/>
  <testcase name="assertsJMenu" classname="com.objogate.wl.swing.driver.tests.JFrameDriverTest" time="0.547"/>
  <system-out><![CDATA[]]></system-out>
  <system-err><![CDATA[WARNING: could not load keyboard layout BE, using fallback layout with reduced capabilities (JAR entry com/objogate/wl/keyboard/BE not found in C:\Users\densh\code\windowlicker\core\build\libs\core.jar)
WARNING: could not load keyboard layout BE, using fallback layout with reduced capabilities (JAR entry com/objogate/wl/keyboard/BE not found in C:\Users\densh\code\windowlicker\core\build\libs\core.jar)
]]></system-err>
</testsuite>
