<?xml version="1.0" encoding="UTF-8"?>
<testsuite name="com.objogate.wl.swing.driver.tests.JMenuBarDriverTest" tests="8" skipped="0" failures="0" errors="0" timestamp="2023-07-01T20:18:47" hostname="DESKTOP-KELJ5DS" time="13.358">
  <properties/>
  <testcase name="canClickOnAMenuItemWithGivenText" classname="com.objogate.wl.swing.driver.tests.JMenuBarDriverTest" time="2.668"/>
  <testcase name="canFindAMenuByMnemonic" classname="com.objogate.wl.swing.driver.tests.JMenuBarDriverTest" time="0.551"/>
  <testcase name="hasMenu" classname="com.objogate.wl.swing.driver.tests.JMenuBarDriverTest" time="0.541"/>
  <testcase name="canFindAMenuByTitle" classname="com.objogate.wl.swing.driver.tests.JMenuBarDriverTest" time="0.546"/>
  <testcase name="canFindSubMenusAndItems" classname="com.objogate.wl.swing.driver.tests.JMenuBarDriverTest" time="3.498"/>
  <testcase name="canClickOnANamedMenu" classname="com.objogate.wl.swing.driver.tests.JMenuBarDriverTest" time="1.26"/>
  <testcase name="canFindSubSubMenusAndItems" classname="com.objogate.wl.swing.driver.tests.JMenuBarDriverTest" time="3.752"/>
  <testcase name="canFindTheMenuBar" classname="com.objogate.wl.swing.driver.tests.JMenuBarDriverTest" time="0.535"/>
  <system-out><![CDATA[]]></system-out>
  <system-err><![CDATA[WARNING: could not load keyboard layout BE, using fallback layout with reduced capabilities (JAR entry com/objogate/wl/keyboard/BE not found in C:\Users\densh\code\windowlicker\core\build\libs\core.jar)
WARNING: could not load keyboard layout BE, using fallback layout with reduced capabilities (JAR entry com/objogate/wl/keyboard/BE not found in C:\Users\densh\code\windowlicker\core\build\libs\core.jar)
WARNING: could not load keyboard layout BE, using fallback layout with reduced capabilities (JAR entry com/objogate/wl/keyboard/BE not found in C:\Users\densh\code\windowlicker\core\build\libs\core.jar)
WARNING: could not load keyboard layout BE, using fallback layout with reduced capabilities (JAR entry com/objogate/wl/keyboard/BE not found in C:\Users\densh\code\windowlicker\core\build\libs\core.jar)
WARNING: could not load keyboard layout BE, using fallback layout with reduced capabilities (JAR entry com/objogate/wl/keyboard/BE not found in C:\Users\densh\code\windowlicker\core\build\libs\core.jar)
WARNING: could not load keyboard layout BE, using fallback layout with reduced capabilities (JAR entry com/objogate/wl/keyboard/BE not found in C:\Users\densh\code\windowlicker\core\build\libs\core.jar)
WARNING: could not load keyboard layout BE, using fallback layout with reduced capabilities (JAR entry com/objogate/wl/keyboard/BE not found in C:\Users\densh\code\windowlicker\core\build\libs\core.jar)
WARNING: could not load keyboard layout BE, using fallback layout with reduced capabilities (JAR entry com/objogate/wl/keyboard/BE not found in C:\Users\densh\code\windowlicker\core\build\libs\core.jar)
]]></system-err>
</testsuite>
