<?xml version="1.0" encoding="UTF-8"?>
<testsuite name="com.objogate.wl.swing.driver.tests.JCheckBoxDriverTest" tests="4" skipped="0" failures="0" errors="0" timestamp="2023-07-01T20:17:38" hostname="DESKTOP-KELJ5DS" time="3.826">
  <properties/>
  <testcase name="testChecking" classname="com.objogate.wl.swing.driver.tests.JCheckBoxDriverTest" time="1.524"/>
  <testcase name="testUnchecking" classname="com.objogate.wl.swing.driver.tests.JCheckBoxDriverTest" time="0.868"/>
  <testcase name="assertsButtonText" classname="com.objogate.wl.swing.driver.tests.JCheckBoxDriverTest" time="0.654"/>
  <testcase name="clicksButtonWithTheMouse" classname="com.objogate.wl.swing.driver.tests.JCheckBoxDriverTest" time="0.777"/>
  <system-out><![CDATA[]]></system-out>
  <system-err><![CDATA[WARNING: could not load keyboard layout BE, using fallback layout with reduced capabilities (JAR entry com/objogate/wl/keyboard/BE not found in C:\Users\densh\code\windowlicker\core\build\libs\core.jar)
WARNING: could not load keyboard layout BE, using fallback layout with reduced capabilities (JAR entry com/objogate/wl/keyboard/BE not found in C:\Users\densh\code\windowlicker\core\build\libs\core.jar)
WARNING: could not load keyboard layout BE, using fallback layout with reduced capabilities (JAR entry com/objogate/wl/keyboard/BE not found in C:\Users\densh\code\windowlicker\core\build\libs\core.jar)
WARNING: could not load keyboard layout BE, using fallback layout with reduced capabilities (JAR entry com/objogate/wl/keyboard/BE not found in C:\Users\densh\code\windowlicker\core\build\libs\core.jar)
]]></system-err>
</testsuite>
