<?xml version="1.0" encoding="UTF-8"?>
<testsuite name="com.objogate.wl.swing.probe.tests.ComponentManipulatorProbeTest" tests="2" skipped="0" failures="0" errors="0" timestamp="2023-07-01T20:21:19" hostname="DESKTOP-KELJ5DS" time="0.008">
  <properties/>
  <testcase name="manipulatesAllComponentsFoundIfFinderIsSatisfied" classname="com.objogate.wl.swing.probe.tests.ComponentManipulatorProbeTest" time="0.007"/>
  <testcase name="doesNotManipulateAnyComponentsIfFinderIsNotSatisfied" classname="com.objogate.wl.swing.probe.tests.ComponentManipulatorProbeTest" time="0.001"/>
  <system-out><![CDATA[]]></system-out>
  <system-err><![CDATA[]]></system-err>
</testsuite>
