<?xml version="1.0" encoding="UTF-8"?>
<testsuite name="com.objogate.wl.swing.tests.AWTEventQueueProberTest" tests="4" skipped="0" failures="0" errors="0" timestamp="2023-07-01T20:21:19" hostname="DESKTOP-KELJ5DS" time="0.434">
  <properties/>
  <testcase name="repeatedlyPollsProbeUntilItIsSatisfied" classname="com.objogate.wl.swing.tests.AWTEventQueueProberTest" time="0.121"/>
  <testcase name="assertionFailsIfProbeIsSatisfiedWithinTimeout" classname="com.objogate.wl.swing.tests.AWTEventQueueProberTest" time="0.31"/>
  <testcase name="assertonPassesIfProbeIsSatisfied" classname="com.objogate.wl.swing.tests.AWTEventQueueProberTest" time="0.0"/>
  <testcase name="runsProbeOnAWTEventDispatchThread" classname="com.objogate.wl.swing.tests.AWTEventQueueProberTest" time="0.0"/>
  <system-out><![CDATA[]]></system-out>
  <system-err><![CDATA[]]></system-err>
</testsuite>
