<?xml version="1.0" encoding="UTF-8"?>
<testsuite name="com.objogate.wl.swing.driver.tests.JTableHeaderDriverTest" tests="8" skipped="0" failures="0" errors="0" timestamp="2023-07-01T20:20:38" hostname="DESKTOP-KELJ5DS" time="20.304">
  <properties/>
  <testcase name="canResizeColumnByIdentifier" classname="com.objogate.wl.swing.driver.tests.JTableHeaderDriverTest" time="2.485"/>
  <testcase name="canResizeColumnByIndex" classname="com.objogate.wl.swing.driver.tests.JTableHeaderDriverTest" time="2.206"/>
  <testcase name="reportsMismatchedHeaders" classname="com.objogate.wl.swing.driver.tests.JTableHeaderDriverTest" time="1.913"/>
  <testcase name="detectsHasHeadersMatching" classname="com.objogate.wl.swing.driver.tests.JTableHeaderDriverTest" time="1.588"/>
  <testcase name="reportsTooManyHeaders" classname="com.objogate.wl.swing.driver.tests.JTableHeaderDriverTest" time="1.914"/>
  <testcase name="canMoveColumnsToTheLeft" classname="com.objogate.wl.swing.driver.tests.JTableHeaderDriverTest" time="3.671"/>
  <testcase name="canMoveColumnsToTheRight" classname="com.objogate.wl.swing.driver.tests.JTableHeaderDriverTest" time="3.914"/>
  <testcase name="canMoveOffScreenColumns" classname="com.objogate.wl.swing.driver.tests.JTableHeaderDriverTest" time="2.507"/>
  <system-out><![CDATA[]]></system-out>
  <system-err><![CDATA[WARNING: could not load keyboard layout BE, using fallback layout with reduced capabilities (JAR entry com/objogate/wl/keyboard/BE not found in C:\Users\densh\code\windowlicker\core\build\libs\core.jar)
WARNING: could not load keyboard layout BE, using fallback layout with reduced capabilities (JAR entry com/objogate/wl/keyboard/BE not found in C:\Users\densh\code\windowlicker\core\build\libs\core.jar)
WARNING: could not load keyboard layout BE, using fallback layout with reduced capabilities (JAR entry com/objogate/wl/keyboard/BE not found in C:\Users\densh\code\windowlicker\core\build\libs\core.jar)
WARNING: could not load keyboard layout BE, using fallback layout with reduced capabilities (JAR entry com/objogate/wl/keyboard/BE not found in C:\Users\densh\code\windowlicker\core\build\libs\core.jar)
WARNING: could not load keyboard layout BE, using fallback layout with reduced capabilities (JAR entry com/objogate/wl/keyboard/BE not found in C:\Users\densh\code\windowlicker\core\build\libs\core.jar)
WARNING: could not load keyboard layout BE, using fallback layout with reduced capabilities (JAR entry com/objogate/wl/keyboard/BE not found in C:\Users\densh\code\windowlicker\core\build\libs\core.jar)
WARNING: could not load keyboard layout BE, using fallback layout with reduced capabilities (JAR entry com/objogate/wl/keyboard/BE not found in C:\Users\densh\code\windowlicker\core\build\libs\core.jar)
WARNING: could not load keyboard layout BE, using fallback layout with reduced capabilities (JAR entry com/objogate/wl/keyboard/BE not found in C:\Users\densh\code\windowlicker\core\build\libs\core.jar)
]]></system-err>
</testsuite>
