<?xml version="1.0" encoding="UTF-8"?>
<testsuite name="com.objogate.wl.swing.driver.tests.JComboBoxDriverTest" tests="3" skipped="0" failures="0" errors="0" timestamp="2023-07-01T20:17:41" hostname="DESKTOP-KELJ5DS" time="18.967">
  <properties/>
  <testcase name="testSelectingItemsByIndex" classname="com.objogate.wl.swing.driver.tests.JComboBoxDriverTest" time="4.093"/>
  <testcase name="testSelectingItemByMatchingRenderedValue" classname="com.objogate.wl.swing.driver.tests.JComboBoxDriverTest" time="4.299"/>
  <testcase name="testEditing" classname="com.objogate.wl.swing.driver.tests.JComboBoxDriverTest" time="10.569"/>
  <system-out><![CDATA[]]></system-out>
  <system-err><![CDATA[WARNING: could not load keyboard layout BE, using fallback layout with reduced capabilities (JAR entry com/objogate/wl/keyboard/BE not found in C:\Users\densh\code\windowlicker\core\build\libs\core.jar)
WARNING: could not load keyboard layout BE, using fallback layout with reduced capabilities (JAR entry com/objogate/wl/keyboard/BE not found in C:\Users\densh\code\windowlicker\core\build\libs\core.jar)
WARNING: could not load keyboard layout BE, using fallback layout with reduced capabilities (JAR entry com/objogate/wl/keyboard/BE not found in C:\Users\densh\code\windowlicker\core\build\libs\core.jar)
]]></system-err>
</testsuite>
