<?xml version="1.0" encoding="UTF-8"?>
<testsuite name="com.objogate.wl.swing.driver.tests.JScrollpaneDriverTest" tests="1" skipped="0" failures="0" errors="0" timestamp="2023-07-01T20:19:51" hostname="DESKTOP-KELJ5DS" time="6.262">
  <properties/>
  <testcase name="testNoodling" classname="com.objogate.wl.swing.driver.tests.JScrollpaneDriverTest" time="6.262"/>
  <system-out><![CDATA[]]></system-out>
  <system-err><![CDATA[WARNING: could not load keyboard layout BE, using fallback layout with reduced capabilities (JAR entry com/objogate/wl/keyboard/BE not found in C:\Users\densh\code\windowlicker\core\build\libs\core.jar)
]]></system-err>
</testsuite>
